This is pdfTeX, Version 3.141592653-2.6-1.40.25 (MiKTeX 24.1) (preloaded format=pdflatex 2024.2.2)  28 JAN 2025 15:45
entering extended mode
 restricted \write18 enabled.
 %&-line parsing enabled.
**./elsarticle-template-num.tex
(elsarticle-template-num.tex
LaTeX2e <2023-11-01> patch level 1
L3 programming layer <2024-01-04>

(C:\Users\IIITNAGPUR\AppData\Local\Programs\MiKTeX\tex/latex/elsarticle\elsarti
cle.cls
Document Class: elsarticle 2024/04/04, 3.4: Elsevier Ltd
(C:\Users\IIITNAGPUR\AppData\Local\Programs\MiKTeX\tex/latex/base\fontenc.sty
Package: fontenc 2021/04/29 v2.0v Standard LaTeX package
)
(C:\Users\IIITNAGPUR\AppData\Local\Programs\MiKTeX\tex/latex/l3kernel\expl3.sty
Package: expl3 2024-01-04 L3 programming layer (loader) 

(C:\Users\IIITNAGPUR\AppData\Local\Programs\MiKTeX\tex/latex/l3backend\l3backen
d-pdftex.def
File: l3backend-pdftex.def 2024-01-04 L3 backend support: PDF output (pdfTeX)
\l__color_backend_stack_int=\count187
\l__pdf_internal_box=\box51
))
(C:\Users\IIITNAGPUR\AppData\Local\Programs\MiKTeX\tex/latex/l3packages/xparse\
xparse.sty
Package: xparse 2023-10-10 L3 Experimental document command parser
)
(C:\Users\IIITNAGPUR\AppData\Local\Programs\MiKTeX\tex/latex/etoolbox\etoolbox.
sty
Package: etoolbox 2020/10/05 v2.5k e-TeX tools for LaTeX (JAW)
\etb@tempcnta=\count188
)
\@bls=\dimen140

(C:\Users\IIITNAGPUR\AppData\Local\Programs\MiKTeX\tex/latex/base\article.cls
Document Class: article 2023/05/17 v1.4n Standard LaTeX document class
(C:\Users\IIITNAGPUR\AppData\Local\Programs\MiKTeX\tex/latex/base\size12.clo
File: size12.clo 2023/05/17 v1.4n Standard LaTeX file (size option)
)
\c@part=\count189
\c@section=\count190
\c@subsection=\count191
\c@subsubsection=\count192
\c@paragraph=\count193
\c@subparagraph=\count194
\c@figure=\count195
\c@table=\count196
\abovecaptionskip=\skip48
\belowcaptionskip=\skip49
\bibindent=\dimen141
)
(C:\Users\IIITNAGPUR\AppData\Local\Programs\MiKTeX\tex/latex/graphics\graphicx.
sty
Package: graphicx 2021/09/16 v1.2d Enhanced LaTeX Graphics (DPC,SPQR)

(C:\Users\IIITNAGPUR\AppData\Local\Programs\MiKTeX\tex/latex/graphics\keyval.st
y
Package: keyval 2022/05/29 v1.15 key=value parser (DPC)
\KV@toks@=\toks17
)
(C:\Users\IIITNAGPUR\AppData\Local\Programs\MiKTeX\tex/latex/graphics\graphics.
sty
Package: graphics 2022/03/10 v1.4e Standard LaTeX Graphics (DPC,SPQR)

(C:\Users\IIITNAGPUR\AppData\Local\Programs\MiKTeX\tex/latex/graphics\trig.sty
Package: trig 2021/08/11 v1.11 sin cos tan (DPC)
)
(C:\Users\IIITNAGPUR\AppData\Local\Programs\MiKTeX\tex/latex/graphics-cfg\graph
ics.cfg
File: graphics.cfg 2016/06/04 v1.11 sample graphics configuration
)
Package graphics Info: Driver file: pdftex.def on input line 107.

(C:\Users\IIITNAGPUR\AppData\Local\Programs\MiKTeX\tex/latex/graphics-def\pdfte
x.def
File: pdftex.def 2022/09/22 v1.2b Graphics/color driver for pdftex
))
\Gin@req@height=\dimen142
\Gin@req@width=\dimen143
)
\c@tnote=\count197
\c@fnote=\count198
\c@cnote=\count199
\c@ead=\count266
\c@author=\count267
\@eadauthor=\toks18
\c@affn=\count268
\absbox=\box52
\elsarticlehighlightsbox=\box53
\elsarticlegrabsbox=\box54
\keybox=\box55
\Columnwidth=\dimen144
\space@left=\dimen145
\els@boxa=\box56
\els@boxb=\box57
\leftMargin=\dimen146
\@enLab=\toks19
\@sep=\skip50
\@@sep=\skip51
 (elsarticle-template-num.spl)
(C:\Users\IIITNAGPUR\AppData\Local\Programs\MiKTeX\tex/latex/natbib\natbib.sty
Package: natbib 2010/09/13 8.31b (PWD, AO)
\bibhang=\skip52
\bibsep=\skip53
LaTeX Info: Redefining \cite on input line 694.
\c@NAT@ctr=\count269
)
\splwrite=\write3
\openout3 = `elsarticle-template-num.spl'.

\appnamewidth=\dimen147
)
(C:\Users\IIITNAGPUR\AppData\Local\Programs\MiKTeX\tex/latex/amsfonts\amssymb.s
ty
Package: amssymb 2013/01/14 v3.01 AMS font symbols

(C:\Users\IIITNAGPUR\AppData\Local\Programs\MiKTeX\tex/latex/amsfonts\amsfonts.
sty
Package: amsfonts 2013/01/14 v3.01 Basic AMSFonts support
\@emptytoks=\toks20
\symAMSa=\mathgroup4
\symAMSb=\mathgroup5
LaTeX Font Info:    Redeclaring math symbol \hbar on input line 98.
LaTeX Font Info:    Overwriting math alphabet `\mathfrak' in version `bold'
(Font)                  U/euf/m/n --> U/euf/b/n on input line 106.
))
(C:\Users\IIITNAGPUR\AppData\Local\Programs\MiKTeX\tex/latex/amsmath\amsmath.st
y
Package: amsmath 2023/05/13 v2.17o AMS math features
\@mathmargin=\skip54

For additional information on amsmath, use the `?' option.

(C:\Users\IIITNAGPUR\AppData\Local\Programs\MiKTeX\tex/latex/amsmath\amstext.st
y
Package: amstext 2021/08/26 v2.01 AMS text

(C:\Users\IIITNAGPUR\AppData\Local\Programs\MiKTeX\tex/latex/amsmath\amsgen.sty
File: amsgen.sty 1999/11/30 v2.0 generic functions
\@emptytoks=\toks21
\ex@=\dimen148
))
(C:\Users\IIITNAGPUR\AppData\Local\Programs\MiKTeX\tex/latex/amsmath\amsbsy.sty
Package: amsbsy 1999/11/29 v1.2d Bold Symbols
\pmbraise@=\dimen149
)
(C:\Users\IIITNAGPUR\AppData\Local\Programs\MiKTeX\tex/latex/amsmath\amsopn.sty
Package: amsopn 2022/04/08 v2.04 operator names
)
\inf@bad=\count270
LaTeX Info: Redefining \frac on input line 234.
\uproot@=\count271
\leftroot@=\count272
LaTeX Info: Redefining \overline on input line 399.
LaTeX Info: Redefining \colon on input line 410.
\classnum@=\count273
\DOTSCASE@=\count274
LaTeX Info: Redefining \ldots on input line 496.
LaTeX Info: Redefining \dots on input line 499.
LaTeX Info: Redefining \cdots on input line 620.
\Mathstrutbox@=\box58
\strutbox@=\box59
LaTeX Info: Redefining \big on input line 722.
LaTeX Info: Redefining \Big on input line 723.
LaTeX Info: Redefining \bigg on input line 724.
LaTeX Info: Redefining \Bigg on input line 725.
\big@size=\dimen150
LaTeX Font Info:    Redeclaring font encoding OML on input line 743.
LaTeX Font Info:    Redeclaring font encoding OMS on input line 744.
\macc@depth=\count275
LaTeX Info: Redefining \bmod on input line 905.
LaTeX Info: Redefining \pmod on input line 910.
LaTeX Info: Redefining \smash on input line 940.
LaTeX Info: Redefining \relbar on input line 970.
LaTeX Info: Redefining \Relbar on input line 971.
\c@MaxMatrixCols=\count276
\dotsspace@=\muskip16
\c@parentequation=\count277
\dspbrk@lvl=\count278
\tag@help=\toks22
\row@=\count279
\column@=\count280
\maxfields@=\count281
\andhelp@=\toks23
\eqnshift@=\dimen151
\alignsep@=\dimen152
\tagshift@=\dimen153
\tagwidth@=\dimen154
\totwidth@=\dimen155
\lineht@=\dimen156
\@envbody=\toks24
\multlinegap=\skip55
\multlinetaggap=\skip56
\mathdisplay@stack=\toks25
LaTeX Info: Redefining \[ on input line 2953.
LaTeX Info: Redefining \] on input line 2954.
)
(C:\Users\IIITNAGPUR\AppData\Local\Programs\MiKTeX\tex/latex/hyperref\hyperref.
sty
Package: hyperref 2023-11-26 v7.01g Hypertext links for LaTeX

(C:\Users\IIITNAGPUR\AppData\Local\Programs\MiKTeX\tex/generic/iftex\iftex.sty
Package: iftex 2022/02/03 v1.0f TeX engine tests
)
(C:\Users\IIITNAGPUR\AppData\Local\Programs\MiKTeX\tex/generic/infwarerr\infwar
err.sty
Package: infwarerr 2019/12/03 v1.5 Providing info/warning/error messages (HO)
)
(C:\Users\IIITNAGPUR\AppData\Local\Programs\MiKTeX\tex/latex/kvsetkeys\kvsetkey
s.sty
Package: kvsetkeys 2022-10-05 v1.19 Key value parser (HO)
)
(C:\Users\IIITNAGPUR\AppData\Local\Programs\MiKTeX\tex/generic/kvdefinekeys\kvd
efinekeys.sty
Package: kvdefinekeys 2019-12-19 v1.6 Define keys (HO)
)
(C:\Users\IIITNAGPUR\AppData\Local\Programs\MiKTeX\tex/generic/pdfescape\pdfesc
ape.sty
Package: pdfescape 2019/12/09 v1.15 Implements pdfTeX's escape features (HO)

(C:\Users\IIITNAGPUR\AppData\Local\Programs\MiKTeX\tex/generic/ltxcmds\ltxcmds.
sty
Package: ltxcmds 2023-12-04 v1.26 LaTeX kernel commands for general use (HO)
)
(C:\Users\IIITNAGPUR\AppData\Local\Programs\MiKTeX\tex/generic/pdftexcmds\pdfte
xcmds.sty
Package: pdftexcmds 2020-06-27 v0.33 Utility functions of pdfTeX for LuaTeX (HO
)
Package pdftexcmds Info: \pdf@primitive is available.
Package pdftexcmds Info: \pdf@ifprimitive is available.
Package pdftexcmds Info: \pdfdraftmode found.
))
(C:\Users\IIITNAGPUR\AppData\Local\Programs\MiKTeX\tex/latex/hycolor\hycolor.st
y
Package: hycolor 2020-01-27 v1.10 Color options for hyperref/bookmark (HO)
)
(C:\Users\IIITNAGPUR\AppData\Local\Programs\MiKTeX\tex/latex/letltxmacro\letltx
macro.sty
Package: letltxmacro 2019/12/03 v1.6 Let assignment for LaTeX macros (HO)
)
(C:\Users\IIITNAGPUR\AppData\Local\Programs\MiKTeX\tex/latex/auxhook\auxhook.st
y
Package: auxhook 2019-12-17 v1.6 Hooks for auxiliary files (HO)
)
(C:\Users\IIITNAGPUR\AppData\Local\Programs\MiKTeX\tex/latex/hyperref\nameref.s
ty
Package: nameref 2023-11-26 v2.56 Cross-referencing by name of section

(C:\Users\IIITNAGPUR\AppData\Local\Programs\MiKTeX\tex/latex/refcount\refcount.
sty
Package: refcount 2019/12/15 v3.6 Data extraction from label references (HO)
)
(C:\Users\IIITNAGPUR\AppData\Local\Programs\MiKTeX\tex/generic/gettitlestring\g
ettitlestring.sty
Package: gettitlestring 2019/12/15 v1.6 Cleanup title references (HO)

(C:\Users\IIITNAGPUR\AppData\Local\Programs\MiKTeX\tex/latex/kvoptions\kvoption
s.sty
Package: kvoptions 2022-06-15 v3.15 Key value format for package options (HO)
))
\c@section@level=\count282
)
\@linkdim=\dimen157
\Hy@linkcounter=\count283
\Hy@pagecounter=\count284

(C:\Users\IIITNAGPUR\AppData\Local\Programs\MiKTeX\tex/latex/hyperref\pd1enc.de
f
File: pd1enc.def 2023-11-26 v7.01g Hyperref: PDFDocEncoding definition (HO)
Now handling font encoding PD1 ...
... no UTF-8 mapping file for font encoding PD1
)
(C:\Users\IIITNAGPUR\AppData\Local\Programs\MiKTeX\tex/generic/intcalc\intcalc.
sty
Package: intcalc 2019/12/15 v1.3 Expandable calculations with integers (HO)
)
\Hy@SavedSpaceFactor=\count285

(C:\Users\IIITNAGPUR\AppData\Local\Programs\MiKTeX\tex/latex/hyperref\puenc.def
File: puenc.def 2023-11-26 v7.01g Hyperref: PDF Unicode definition (HO)
Now handling font encoding PU ...
... no UTF-8 mapping file for font encoding PU
)
Package hyperref Info: Hyper figures OFF on input line 4181.
Package hyperref Info: Link nesting OFF on input line 4186.
Package hyperref Info: Hyper index ON on input line 4189.
Package hyperref Info: Plain pages OFF on input line 4196.
Package hyperref Info: Backreferencing OFF on input line 4201.
Package hyperref Info: Implicit mode ON; LaTeX internals redefined.
Package hyperref Info: Bookmarks ON on input line 4448.
\c@Hy@tempcnt=\count286
 (C:\Users\IIITNAGPUR\AppData\Local\Programs\MiKTeX\tex/latex/url\url.sty
\Urlmuskip=\muskip17
Package: url 2013/09/16  ver 3.4  Verb mode for urls, etc.
)
LaTeX Info: Redefining \url on input line 4786.
\XeTeXLinkMargin=\dimen158

(C:\Users\IIITNAGPUR\AppData\Local\Programs\MiKTeX\tex/generic/bitset\bitset.st
y
Package: bitset 2019/12/09 v1.3 Handle bit-vector datatype (HO)

(C:\Users\IIITNAGPUR\AppData\Local\Programs\MiKTeX\tex/generic/bigintcalc\bigin
tcalc.sty
Package: bigintcalc 2019/12/15 v1.5 Expandable calculations on big integers (HO
)
))
\Fld@menulength=\count287
\Field@Width=\dimen159
\Fld@charsize=\dimen160
Package hyperref Info: Hyper figures OFF on input line 6065.
Package hyperref Info: Link nesting OFF on input line 6070.
Package hyperref Info: Hyper index ON on input line 6073.
Package hyperref Info: backreferencing OFF on input line 6080.
Package hyperref Info: Link coloring OFF on input line 6085.
Package hyperref Info: Link coloring with OCG OFF on input line 6090.
Package hyperref Info: PDF/A mode OFF on input line 6095.

(C:\Users\IIITNAGPUR\AppData\Local\Programs\MiKTeX\tex/latex/base\atbegshi-ltx.
sty
Package: atbegshi-ltx 2021/01/10 v1.0c Emulation of the original atbegshi
package with kernel methods
)
\Hy@abspage=\count288
\c@Item=\count289
\c@Hfootnote=\count290
)
Package hyperref Info: Driver (autodetected): hpdftex.

(C:\Users\IIITNAGPUR\AppData\Local\Programs\MiKTeX\tex/latex/hyperref\hpdftex.d
ef
File: hpdftex.def 2023-11-26 v7.01g Hyperref driver for pdfTeX

(C:\Users\IIITNAGPUR\AppData\Local\Programs\MiKTeX\tex/latex/base\atveryend-ltx
.sty
Package: atveryend-ltx 2020/08/19 v1.0a Emulation of the original atveryend pac
kage
with kernel methods
)
\Fld@listcount=\count291
\c@bookmark@seq@number=\count292

(C:\Users\IIITNAGPUR\AppData\Local\Programs\MiKTeX\tex/latex/rerunfilecheck\rer
unfilecheck.sty
Package: rerunfilecheck 2022-07-10 v1.10 Rerun checks for auxiliary files (HO)

(C:\Users\IIITNAGPUR\AppData\Local\Programs\MiKTeX\tex/generic/uniquecounter\un
iquecounter.sty
Package: uniquecounter 2019/12/15 v1.4 Provide unlimited unique counter (HO)
)
Package uniquecounter Info: New unique counter `rerunfilecheck' on input line 2
85.
)
\Hy@SectionHShift=\skip57
) (elsarticle-template-num.aux)
\openout1 = `elsarticle-template-num.aux'.

LaTeX Font Info:    Checking defaults for OML/cmm/m/it on input line 60.
LaTeX Font Info:    ... okay on input line 60.
LaTeX Font Info:    Checking defaults for OMS/cmsy/m/n on input line 60.
LaTeX Font Info:    ... okay on input line 60.
LaTeX Font Info:    Checking defaults for OT1/cmr/m/n on input line 60.
LaTeX Font Info:    ... okay on input line 60.
LaTeX Font Info:    Checking defaults for T1/cmr/m/n on input line 60.
LaTeX Font Info:    ... okay on input line 60.
LaTeX Font Info:    Checking defaults for TS1/cmr/m/n on input line 60.
LaTeX Font Info:    ... okay on input line 60.
LaTeX Font Info:    Checking defaults for OMX/cmex/m/n on input line 60.
LaTeX Font Info:    ... okay on input line 60.
LaTeX Font Info:    Checking defaults for U/cmr/m/n on input line 60.
LaTeX Font Info:    ... okay on input line 60.
LaTeX Font Info:    Checking defaults for PD1/pdf/m/n on input line 60.
LaTeX Font Info:    ... okay on input line 60.
LaTeX Font Info:    Checking defaults for PU/pdf/m/n on input line 60.
LaTeX Font Info:    ... okay on input line 60.

(C:\Users\IIITNAGPUR\AppData\Local\Programs\MiKTeX\tex/context/base/mkii\supp-p
df.mkii
[Loading MPS to PDF converter (version 2006.09.02).]
\scratchcounter=\count293
\scratchdimen=\dimen161
\scratchbox=\box60
\nofMPsegments=\count294
\nofMParguments=\count295
\everyMPshowfont=\toks26
\MPscratchCnt=\count296
\MPscratchDim=\dimen162
\MPnumerator=\count297
\makeMPintoPDFobject=\count298
\everyMPtoPDFconversion=\toks27
)
(C:\Users\IIITNAGPUR\AppData\Local\Programs\MiKTeX\tex/latex/epstopdf-pkg\epsto
pdf-base.sty
Package: epstopdf-base 2020-01-24 v2.11 Base part for package epstopdf
Package epstopdf-base Info: Redefining graphics rule for `.eps' on input line 4
85.

(C:\Users\IIITNAGPUR\AppData\Local\Programs\MiKTeX\tex/latex/00miktex\epstopdf-
sys.cfg
File: epstopdf-sys.cfg 2021/03/18 v2.0 Configuration of epstopdf for MiKTeX
))
Package hyperref Info: Link coloring OFF on input line 60.
 (elsarticle-template-num.out) (elsarticle-template-num.out)
\@outlinefile=\write4
\openout4 = `elsarticle-template-num.out'.


! Use of \??? doesn't match its definition.
<argument> \???  
                 ! LaTeX Error: Misplaced '=' in key-value input on line 134
l.134 }
       
If you say, e.g., `\def\a1{...}', then you must always
put `1' after `\a', since control sequence names are
made up of letters only. The macro here has not been
followed by the required stuff, so I'm ignoring it.

! Use of \??? doesn't match its definition.
<argument> \???  
                 ! LaTeX Error: Misplaced '=' in key-value input on line 143
l.143 }
       
If you say, e.g., `\def\a1{...}', then you must always
put `1' after `\a', since control sequence names are
made up of letters only. The macro here has not been
followed by the required stuff, so I'm ignoring it.

! Missing number, treated as zero.
<to be read again> 
                   a
l.158 \begin{highlights}
                        
A number should have been here; I inserted `0'.
(If you can't figure out why I needed to see a number,
look up `weird error' in the index to The TeXbook.)


Package hyperref Warning: Token not allowed in a PDF string (Unicode):
(hyperref)                removing `\<def>-command' on input line 174.


Package hyperref Warning: Token not allowed in a PDF string (Unicode):
(hyperref)                removing `\cnotenum' on input line 174.


Package hyperref Warning: Token not allowed in a PDF string (Unicode):
(hyperref)                removing `\<def>-command' on input line 174.


Package hyperref Warning: Token not allowed in a PDF string (Unicode):
(hyperref)                removing `\@corref' on input line 174.


Package hyperref Warning: Token not allowed in a PDF string (Unicode):
(hyperref)                removing `\<let>-command' on input line 174.


Package hyperref Warning: Token not allowed in a PDF string (Unicode):
(hyperref)                removing `\comma' on input line 174.


Package hyperref Warning: Token not allowed in a PDF string (Unicode):
(hyperref)                removing `\<def>-command' on input line 174.


Package hyperref Warning: Token not allowed in a PDF string (Unicode):
(hyperref)                removing `\@fnmark' on input line 174.

[1

{C:/Users/IIITNAGPUR/AppData/Local/MiKTeX/fonts/map/pdftex/pdftex.map}]
LaTeX Font Info:    Trying to load font information for U+msa on input line 174
.

(C:\Users\IIITNAGPUR\AppData\Local\Programs\MiKTeX\tex/latex/amsfonts\umsa.fd
File: umsa.fd 2013/01/14 v3.01 AMS symbols A
)
LaTeX Font Info:    Trying to load font information for U+msb on input line 174
.

(C:\Users\IIITNAGPUR\AppData\Local\Programs\MiKTeX\tex/latex/amsfonts\umsb.fd
File: umsb.fd 2013/01/14 v3.01 AMS symbols B
)
LaTeX Font Info:    Trying to load font information for T1+cmtt on input line 1
74.

(C:\Users\IIITNAGPUR\AppData\Local\Programs\MiKTeX\tex/latex/base\t1cmtt.fd
File: t1cmtt.fd 2023/04/13 v2.5m Standard LaTeX font definitions
)
pdfTeX warning (ext4): destination with the same identifier (name{page.1}) has 
been already used, duplicate ignored
<to be read again> 
                   \relax 
l.174 \end{frontmatter}
                        [1


] [2] [3] [4] [5]
<RNN.jpg, id=156, 2190.1825pt x 718.685pt>
File: RNN.jpg Graphic file (type jpg)
<use RNN.jpg>
Package pdftex.def Info: RNN.jpg  used on input line 218.
(pdftex.def)             Requested size: 426.76639pt x 199.16878pt.

Overfull \hbox (36.76639pt too wide) in paragraph at lines 218--219
 [][] 
 []

[6 <./RNN.jpg>]
<LSTM.jpg, id=172, 1432.35126pt x 1098.1025pt>
File: LSTM.jpg Graphic file (type jpg)
<use LSTM.jpg>
Package pdftex.def Info: LSTM.jpg  used on input line 257.
(pdftex.def)             Requested size: 284.52pt x 227.60905pt.
 [7] [8 <./LSTM.jpg>]
<GRU.jpg, id=197, 1700.3525pt x 925.4575pt>
File: GRU.jpg Graphic file (type jpg)
<use GRU.jpg>
Package pdftex.def Info: GRU.jpg  used on input line 285.
(pdftex.def)             Requested size: 312.97763pt x 199.16718pt.
<transformer.png, id=199, 351.714pt x 498.663pt>
File: transformer.png Graphic file (type png)
<use transformer.png>
Package pdftex.def Info: transformer.png  used on input line 296.
(pdftex.def)             Requested size: 284.54332pt x 341.42992pt.
 [9 <./GRU.jpg>] [10 <./transformer.png>]
[11]
Underfull \hbox (badness 10000) in paragraph at lines 316--321

 []


Underfull \hbox (badness 10000) in paragraph at lines 316--321

 []


Overfull \hbox (8.50621pt too wide) in paragraph at lines 322--324
\T1/cmr/m/n/12 mul-ti-ple sub-layers within each Trans-former layer. Ini-tially
, self-attention
 []


Overfull \hbox (4.44258pt too wide) in paragraph at lines 322--324
\T1/cmr/m/n/12 mod-ule's out-put un-der-goes pro-cess-ing through feed-for-ward
 lay-ers, where
 []


Underfull \hbox (badness 10000) in paragraph at lines 326--328

 []

[12] [13]
Overfull \hbox (109.44052pt too wide) in paragraph at lines 354--355
\T1/cmr/m/n/12 ing prob-lem. In-put fea-ture is thirty days close price $\OT1/c
mr/m/n/12 [\OML/cmm/m/it/12 d[]; d[]; :::::::::; d[]; d[]; d[]; d[]; d[]; d[]\O
T1/cmr/m/n/12 ]$
 []

[14]
<heatmap.jpeg, id=245, 618.05907pt x 513.41812pt>
File: heatmap.jpeg Graphic file (type jpg)
<use heatmap.jpeg>
Package pdftex.def Info: heatmap.jpeg  used on input line 364.
(pdftex.def)             Requested size: 341.44246pt x 284.52737pt.
<Transformer.jpg, id=246, 1094.0875pt x 1437.37pt>
File: Transformer.jpg Graphic file (type jpg)
<use Transformer.jpg>
Package pdftex.def Info: Transformer.jpg  used on input line 373.
(pdftex.def)             Requested size: 312.9701pt x 426.78397pt.

Overfull \hbox (47.10289pt too wide) in paragraph at lines 382--383
\T1/cmr/m/n/12 model is avail-able in our GitHub repos-i-tory at \T1/cmr/m/it/1
2 https://github.com/Nachiket1234/LME-
 []

[15 <./heatmap.jpeg>] [16 <./Transformer.jpg>]
! Undefined control sequence.
<recently read> \tbl 
                     
l.386 	\tbl
           {Experimental Data of non-ferrous Metal Prices from LME.}
The control sequence at the end of the top line
of your error message was never \def'ed. If you have
misspelled it (e.g., `\hobx'), type `I' and the correct
spelling (e.g., `I\hbox'). Otherwise just continue,
and I'll forget about whatever was undefined.


Underfull \hbox (badness 10000) in paragraph at lines 388--388
[]\T1/cmr/bx/n/12 Stock
 []


Overfull \hbox (2.08838pt too wide) in paragraph at lines 388--388
[]\T1/cmr/bx/n/12 Time| 
 []


Overfull \hbox (6.89902pt too wide) in paragraph at lines 388--388
[]\T1/cmr/bx/n/12 Training
 []


Overfull \hbox (3.52419pt too wide) in paragraph at lines 388--388
[]\T1/cmr/bx/n/12 Validation
 []


Underfull \hbox (badness 10000) in paragraph at lines 388--388
[]\T1/cmr/bx/n/12 Testing
 []

! Undefined control sequence.
<recently read> \multirow 
                          
l.389 			\multirow
                  {2}{*}{Aluminium}&Start & 2008-01-02  &2008-01-02  &2019-0...
The control sequence at the end of the top line
of your error message was never \def'ed. If you have
misspelled it (e.g., `\hobx'), type `I' and the correct
spelling (e.g., `I\hbox'). Otherwise just continue,
and I'll forget about whatever was undefined.


Overfull \hbox (12.59415pt too wide) in paragraph at lines 389--389
[]\T1/cmr/m/n/12 2*Aluminium| 
 []


Underfull \hbox (badness 10000) in paragraph at lines 389--389
[]\T1/cmr/m/n/12 2008-
 []


Underfull \hbox (badness 10000) in paragraph at lines 390--390
[]\T1/cmr/m/n/12 2019-
 []

! Undefined control sequence.
<recently read> \multirow 
                          
l.391 			\multirow
                  {2}{*}{Copper}&Start & 2008-01-02  &2008-01-02  &2019-07-1...
The control sequence at the end of the top line
of your error message was never \def'ed. If you have
misspelled it (e.g., `\hobx'), type `I' and the correct
spelling (e.g., `I\hbox'). Otherwise just continue,
and I'll forget about whatever was undefined.


Underfull \hbox (badness 10000) in paragraph at lines 391--391
[]\T1/cmr/m/n/12 2008-
 []


Underfull \hbox (badness 10000) in paragraph at lines 392--392
[]\T1/cmr/m/n/12 2019-
 []

! Undefined control sequence.
<recently read> \multirow 
                          
l.393 			\multirow
                  {2}{*}{Zinc}&Start & 2008-01-02  &2008-01-02  &2019-07-18&...
The control sequence at the end of the top line
of your error message was never \def'ed. If you have
misspelled it (e.g., `\hobx'), type `I' and the correct
spelling (e.g., `I\hbox'). Otherwise just continue,
and I'll forget about whatever was undefined.


Underfull \hbox (badness 10000) in paragraph at lines 393--393
[]\T1/cmr/m/n/12 2008-
 []


Underfull \hbox (badness 10000) in paragraph at lines 394--394
[]\T1/cmr/m/n/12 2019-
 []

! Undefined control sequence.
<recently read> \multirow 
                          
l.395 			\multirow
                  {2}{*}{Nickel}&Start & 2008-01-02  &2008-01-02  &2019-07-1...
The control sequence at the end of the top line
of your error message was never \def'ed. If you have
misspelled it (e.g., `\hobx'), type `I' and the correct
spelling (e.g., `I\hbox'). Otherwise just continue,
and I'll forget about whatever was undefined.


Underfull \hbox (badness 10000) in paragraph at lines 395--395
[]\T1/cmr/m/n/12 2008-
 []


Underfull \hbox (badness 10000) in paragraph at lines 396--396
[]\T1/cmr/m/n/12 2019-
 []


Underfull \hbox (badness 10000) in paragraph at lines 386--399
[]\T1/cmr/m/n/12 Experimental Data of non-ferrous Metal Prices from LME.
 []


Underfull \hbox (badness 10000) in paragraph at lines 386--399
[]
 []

[17]
<A.png, id=264, 859.41075pt x 344.487pt>
File: A.png Graphic file (type png)
<use A.png>
Package pdftex.def Info: A.png  used on input line 406.
(pdftex.def)             Requested size: 369.88037pt x 199.16656pt.
<Co.png, id=265, 859.41075pt x 344.487pt>
File: Co.png Graphic file (type png)
<use Co.png>
Package pdftex.def Info: Co.png  used on input line 415.
(pdftex.def)             Requested size: 369.88037pt x 199.16656pt.
<N.png, id=266, 859.41075pt x 344.487pt>
File: N.png Graphic file (type png)
<use N.png>
Package pdftex.def Info: N.png  used on input line 424.
(pdftex.def)             Requested size: 369.88037pt x 199.16656pt.
<Z.png, id=267, 859.41075pt x 344.487pt>
File: Z.png Graphic file (type png)
<use Z.png>
Package pdftex.def Info: Z.png  used on input line 433.
(pdftex.def)             Requested size: 369.88037pt x 199.16656pt.
 [18 <./A.png>] [19 <./Co.png> <./N.png>] [20 <./Z.png>]
! Undefined control sequence.
<recently read> \tbl 
                     
l.481 	\tbl
           {Comparison of the performance of the five models, including the ...
The control sequence at the end of the top line
of your error message was never \def'ed. If you have
misspelled it (e.g., `\hobx'), type `I' and the correct
spelling (e.g., `I\hbox'). Otherwise just continue,
and I'll forget about whatever was undefined.


Overfull \hbox (5.39873pt too wide) in paragraph at lines 483--483
[]\T1/cmr/bx/n/12 Aluminum| 
 []


Underfull \hbox (badness 10000) in paragraph at lines 485--485
[]\T1/cmr/m/n/12 LSTM Mul-ti-
 []


Underfull \hbox (badness 10000) in paragraph at lines 481--491
[]\T1/cmr/m/n/12 Comparison of the per-for-mance of the five mod-els, in-
 []


Underfull \hbox (badness 10000) in paragraph at lines 481--491
\T1/cmr/m/n/12 clud-ing the pro-posed Transformer-based model, across
 []


Underfull \hbox (badness 10000) in paragraph at lines 481--491
\T1/cmr/m/n/12 all four datasets in terms of Mean Squared Er-ror.
 []

! Undefined control sequence.
<recently read> \tbl 
                     
l.495 	\tbl
           {Comparison of the performance of the five models, including the ...
The control sequence at the end of the top line
of your error message was never \def'ed. If you have
misspelled it (e.g., `\hobx'), type `I' and the correct
spelling (e.g., `I\hbox'). Otherwise just continue,
and I'll forget about whatever was undefined.


Overfull \hbox (5.39873pt too wide) in paragraph at lines 497--497
[]\T1/cmr/bx/n/12 Aluminum| 
 []


Underfull \hbox (badness 10000) in paragraph at lines 499--499
[]\T1/cmr/m/n/12 LSTM Mul-ti-
 []


Underfull \hbox (badness 10000) in paragraph at lines 495--505
[]\T1/cmr/m/n/12 Comparison of the per-for-mance of the five mod-els, in-
 []


Underfull \hbox (badness 10000) in paragraph at lines 495--505
\T1/cmr/m/n/12 clud-ing the pro-posed Transformer-based model, across all
 []


Underfull \hbox (badness 10000) in paragraph at lines 495--505
\T1/cmr/m/n/12 four datasets, eval-u-ated in terms of Mean Ab-so-lute Er-ror.
 []

! Undefined control sequence.
<recently read> \tbl 
                     
l.510 	\tbl
           {Comparison of the performance of the five models, including the ...
The control sequence at the end of the top line
of your error message was never \def'ed. If you have
misspelled it (e.g., `\hobx'), type `I' and the correct
spelling (e.g., `I\hbox'). Otherwise just continue,
and I'll forget about whatever was undefined.


Overfull \hbox (5.39873pt too wide) in paragraph at lines 512--512
[]\T1/cmr/bx/n/12 Aluminum| 
 []


Underfull \hbox (badness 10000) in paragraph at lines 514--514
[]\T1/cmr/m/n/12 LSTM Mul-ti-
 []


Underfull \hbox (badness 10000) in paragraph at lines 510--520
[]\T1/cmr/m/n/12 Comparison of the per-for-mance of the five mod-els, in-
 []


Underfull \hbox (badness 10000) in paragraph at lines 510--520
\T1/cmr/m/n/12 clud-ing the pro-posed Transformer-based model, across all
 []


Underfull \hbox (badness 10000) in paragraph at lines 510--520
\T1/cmr/m/n/12 four datasets in terms of Mean Ab-so-lute Per-cent-age Er-ror.
 []

<MSE.png, id=302, 452.28975pt x 272.217pt>
File: MSE.png Graphic file (type png)
<use MSE.png>
Package pdftex.def Info: MSE.png  used on input line 525.
(pdftex.def)             Requested size: 426.79495pt x 199.1778pt.

Overfull \hbox (36.79495pt too wide) in paragraph at lines 525--526
 [][] 
 []

<MAE.jpg, id=303, 452.28975pt x 272.217pt>
File: MAE.jpg Graphic file (type jpg)
<use MAE.jpg>
Package pdftex.def Info: MAE.jpg  used on input line 534.
(pdftex.def)             Requested size: 426.79495pt x 199.1778pt.

Overfull \hbox (36.79495pt too wide) in paragraph at lines 534--535
 [][] 
 []

<MAPE.png, id=304, 452.28975pt x 272.217pt>
File: MAPE.png Graphic file (type png)
<use MAPE.png>
Package pdftex.def Info: MAPE.png  used on input line 543.
(pdftex.def)             Requested size: 426.79495pt x 199.1778pt.

Overfull \hbox (36.79495pt too wide) in paragraph at lines 543--544
 [][] 
 []

[21] [22] [23 <./MSE.png> <./MAE.jpg>]
! Undefined control sequence.
<recently read> \tbl 
                     
l.558 	\tbl
           {MSE on four metals by Proposed Model, LSTM and GRU}
The control sequence at the end of the top line
of your error message was never \def'ed. If you have
misspelled it (e.g., `\hobx'), type `I' and the correct
spelling (e.g., `I\hbox'). Otherwise just continue,
and I'll forget about whatever was undefined.


Underfull \hbox (badness 10000) in paragraph at lines 560--560
[]\T1/cmr/bx/n/12 Proposed
 []


Underfull \hbox (badness 10000) in paragraph at lines 558--567
[]\T1/cmr/m/n/12 MSE on four met-als by Pro-posed Model, LSTM and GRU
 []

! Undefined control sequence.
<recently read> \tbl 
                     
l.573 	\tbl
           {Result of the T-test between different model's MSE.}
The control sequence at the end of the top line
of your error message was never \def'ed. If you have
misspelled it (e.g., `\hobx'), type `I' and the correct
spelling (e.g., `I\hbox'). Otherwise just continue,
and I'll forget about whatever was undefined.


Underfull \hbox (badness 10000) in paragraph at lines 575--575
[]\T1/cmr/bx/n/12 Proposed
 []


Underfull \hbox (badness 10000) in paragraph at lines 575--575
\T1/cmr/bx/n/12 Model and
 []


Underfull \hbox (badness 10000) in paragraph at lines 575--575
[]\T1/cmr/bx/n/12 LSTM and
 []


Underfull \hbox (badness 10000) in paragraph at lines 578--578
[]\T1/cmr/m/n/12 Significance
 []


Underfull \hbox (badness 10000) in paragraph at lines 573--582
[]\T1/cmr/m/n/12 Result of the T-test be-tween dif-fer-ent model's MSE.
 []

! Undefined control sequence.
<recently read> \tbl 
                     
l.586 	\tbl
           {MAE on four metals by Proposed Model, LSTM and GRU}
The control sequence at the end of the top line
of your error message was never \def'ed. If you have
misspelled it (e.g., `\hobx'), type `I' and the correct
spelling (e.g., `I\hbox'). Otherwise just continue,
and I'll forget about whatever was undefined.


Underfull \hbox (badness 10000) in paragraph at lines 588--588
[]\T1/cmr/bx/n/12 Proposed
 []


Underfull \hbox (badness 10000) in paragraph at lines 586--595
[]\T1/cmr/m/n/12 MAE on four met-als by Pro-posed Model, LSTM and GRU
 []

! Undefined control sequence.
<recently read> \tbl 
                     
l.599 	\tbl
           {Result of the T-test between different model's MAE.}
The control sequence at the end of the top line
of your error message was never \def'ed. If you have
misspelled it (e.g., `\hobx'), type `I' and the correct
spelling (e.g., `I\hbox'). Otherwise just continue,
and I'll forget about whatever was undefined.


Underfull \hbox (badness 10000) in paragraph at lines 601--601
[]\T1/cmr/bx/n/12 Proposed
 []


Underfull \hbox (badness 10000) in paragraph at lines 601--601
\T1/cmr/bx/n/12 Model and
 []


Underfull \hbox (badness 10000) in paragraph at lines 601--601
[]\T1/cmr/bx/n/12 LSTM and
 []


Underfull \hbox (badness 10000) in paragraph at lines 604--604
[]\T1/cmr/m/n/12 Significance
 []


Underfull \hbox (badness 10000) in paragraph at lines 599--608
[]\T1/cmr/m/n/12 Result of the T-test be-tween dif-fer-ent model's MAE.
 []

[24 <./MAPE.png>] [25] (elsarticle-template-num.bbl [26] [27] [28]) [29]
(elsarticle-template-num.aux)
 ***********
LaTeX2e <2023-11-01> patch level 1
L3 programming layer <2024-01-04>
 ***********
Package rerunfilecheck Info: File `elsarticle-template-num.out' has not changed
.
(rerunfilecheck)             Checksum: AC412255508E01A6F139AEE638348976;2354.
 ) 
Here is how much of TeX's memory you used:
 10955 strings out of 474486
 168623 string characters out of 5741396
 1950542 words of memory out of 5000000
 32993 multiletter control sequences out of 15000+600000
 572489 words of font info for 74 fonts, out of 8000000 for 9000
 1141 hyphenation exceptions out of 8191
 75i,11n,79p,1706b,688s stack positions out of 10000i,1000n,20000p,200000b,200000s
 <C:\Users\IIITNAGPUR\AppData\Local\MiKTeX\fonts/pk/ljfour/jknappen/ec/dpi600
\ecti1200.pk> <C:\Users\IIITNAGPUR\AppData\Local\MiKTeX\fonts/pk/ljfour/jknappe
n/ec/dpi600\ectt1000.pk> <C:\Users\IIITNAGPUR\AppData\Local\MiKTeX\fonts/pk/ljf
our/jknappen/ec/dpi600\ecrm1000.pk> <C:\Users\IIITNAGPUR\AppData\Local\MiKTeX\f
onts/pk/ljfour/jknappen/ec/dpi600\ecti1000.pk> <C:\Users\IIITNAGPUR\AppData\Loc
al\MiKTeX\fonts/pk/ljfour/jknappen/ec/dpi600\ecti0700.pk> <C:\Users\IIITNAGPUR\
AppData\Local\MiKTeX\fonts/pk/ljfour/jknappen/ec/dpi600\ecrm0800.pk> <C:\Users\
IIITNAGPUR\AppData\Local\MiKTeX\fonts/pk/ljfour/jknappen/ec/dpi600\tcrm1200.pk>
 <C:\Users\IIITNAGPUR\AppData\Local\MiKTeX\fonts/pk/ljfour/jknappen/ec/dpi600\e
crm1200.pk> <C:\Users\IIITNAGPUR\AppData\Local\MiKTeX\fonts/pk/ljfour/jknappen/
ec/dpi600\ecbx1200.pk> <C:\Users\IIITNAGPUR\AppData\Local\MiKTeX\fonts/pk/ljfou
r/jknappen/ec/dpi600\ecrm1728.pk><C:/Users/IIITNAGPUR/AppData/Local/Programs/Mi
KTeX/fonts/type1/public/amsfonts/cm/cmex10.pfb><C:/Users/IIITNAGPUR/AppData/Loc
al/Programs/MiKTeX/fonts/type1/public/amsfonts/cm/cmmi12.pfb><C:/Users/IIITNAGP
UR/AppData/Local/Programs/MiKTeX/fonts/type1/public/amsfonts/cm/cmmi6.pfb><C:/U
sers/IIITNAGPUR/AppData/Local/Programs/MiKTeX/fonts/type1/public/amsfonts/cm/cm
mi8.pfb><C:/Users/IIITNAGPUR/AppData/Local/Programs/MiKTeX/fonts/type1/public/a
msfonts/cm/cmr12.pfb><C:/Users/IIITNAGPUR/AppData/Local/Programs/MiKTeX/fonts/t
ype1/public/amsfonts/cm/cmr6.pfb><C:/Users/IIITNAGPUR/AppData/Local/Programs/Mi
KTeX/fonts/type1/public/amsfonts/cm/cmr8.pfb><C:/Users/IIITNAGPUR/AppData/Local
/Programs/MiKTeX/fonts/type1/public/amsfonts/cm/cmsy10.pfb><C:/Users/IIITNAGPUR
/AppData/Local/Programs/MiKTeX/fonts/type1/public/amsfonts/cm/cmsy7.pfb><C:/Use
rs/IIITNAGPUR/AppData/Local/Programs/MiKTeX/fonts/type1/public/amsfonts/cm/cmsy
8.pfb>
Output written on elsarticle-template-num.pdf (30 pages, 1329374 bytes).
PDF statistics:
 802 PDF objects out of 1000 (max. 8388607)
 106 named destinations out of 1000 (max. 500000)
 194 words of extra memory for PDF output out of 10000 (max. 10000000)

