This is pdfTeX, Version 3.141592653-2.6-1.40.25 (MiKTeX 24.1) (preloaded format=pdflatex 2024.2.2)  28 JAN 2025 17:25
entering extended mode
 restricted \write18 enabled.
 %&-line parsing enabled.
**./manuscript.tex
(manuscript.tex
LaTeX2e <2023-11-01> patch level 1
L3 programming layer <2024-01-04>

(C:\Users\IIITNAGPUR\AppData\Local\Programs\MiKTeX\tex/latex/elsarticle\elsarti
cle.cls
Document Class: elsarticle 2024/04/04, 3.4: Elsevier Ltd
(C:\Users\IIITNAGPUR\AppData\Local\Programs\MiKTeX\tex/latex/base\fontenc.sty
Package: fontenc 2021/04/29 v2.0v Standard LaTeX package
)
(C:\Users\IIITNAGPUR\AppData\Local\Programs\MiKTeX\tex/latex/l3kernel\expl3.sty
Package: expl3 2024-01-04 L3 programming layer (loader) 

(C:\Users\IIITNAGPUR\AppData\Local\Programs\MiKTeX\tex/latex/l3backend\l3backen
d-pdftex.def
File: l3backend-pdftex.def 2024-01-04 L3 backend support: PDF output (pdfTeX)
\l__color_backend_stack_int=\count187
\l__pdf_internal_box=\box51
))
(C:\Users\IIITNAGPUR\AppData\Local\Programs\MiKTeX\tex/latex/l3packages/xparse\
xparse.sty
Package: xparse 2023-10-10 L3 Experimental document command parser
)
(C:\Users\IIITNAGPUR\AppData\Local\Programs\MiKTeX\tex/latex/etoolbox\etoolbox.
sty
Package: etoolbox 2020/10/05 v2.5k e-TeX tools for LaTeX (JAW)
\etb@tempcnta=\count188
)
\@bls=\dimen140

(C:\Users\IIITNAGPUR\AppData\Local\Programs\MiKTeX\tex/latex/base\article.cls
Document Class: article 2023/05/17 v1.4n Standard LaTeX document class
(C:\Users\IIITNAGPUR\AppData\Local\Programs\MiKTeX\tex/latex/base\size12.clo
File: size12.clo 2023/05/17 v1.4n Standard LaTeX file (size option)
)
\c@part=\count189
\c@section=\count190
\c@subsection=\count191
\c@subsubsection=\count192
\c@paragraph=\count193
\c@subparagraph=\count194
\c@figure=\count195
\c@table=\count196
\abovecaptionskip=\skip48
\belowcaptionskip=\skip49
\bibindent=\dimen141
)
(C:\Users\IIITNAGPUR\AppData\Local\Programs\MiKTeX\tex/latex/graphics\graphicx.
sty
Package: graphicx 2021/09/16 v1.2d Enhanced LaTeX Graphics (DPC,SPQR)

(C:\Users\IIITNAGPUR\AppData\Local\Programs\MiKTeX\tex/latex/graphics\keyval.st
y
Package: keyval 2022/05/29 v1.15 key=value parser (DPC)
\KV@toks@=\toks17
)
(C:\Users\IIITNAGPUR\AppData\Local\Programs\MiKTeX\tex/latex/graphics\graphics.
sty
Package: graphics 2022/03/10 v1.4e Standard LaTeX Graphics (DPC,SPQR)

(C:\Users\IIITNAGPUR\AppData\Local\Programs\MiKTeX\tex/latex/graphics\trig.sty
Package: trig 2021/08/11 v1.11 sin cos tan (DPC)
)
(C:\Users\IIITNAGPUR\AppData\Local\Programs\MiKTeX\tex/latex/graphics-cfg\graph
ics.cfg
File: graphics.cfg 2016/06/04 v1.11 sample graphics configuration
)
Package graphics Info: Driver file: pdftex.def on input line 107.

(C:\Users\IIITNAGPUR\AppData\Local\Programs\MiKTeX\tex/latex/graphics-def\pdfte
x.def
File: pdftex.def 2022/09/22 v1.2b Graphics/color driver for pdftex
))
\Gin@req@height=\dimen142
\Gin@req@width=\dimen143
)
\c@tnote=\count197
\c@fnote=\count198
\c@cnote=\count199
\c@ead=\count266
\c@author=\count267
\@eadauthor=\toks18
\c@affn=\count268
\absbox=\box52
\elsarticlehighlightsbox=\box53
\elsarticlegrabsbox=\box54
\keybox=\box55
\Columnwidth=\dimen144
\space@left=\dimen145
\els@boxa=\box56
\els@boxb=\box57
\leftMargin=\dimen146
\@enLab=\toks19
\@sep=\skip50
\@@sep=\skip51
 (manuscript.spl)
(C:\Users\IIITNAGPUR\AppData\Local\Programs\MiKTeX\tex/latex/natbib\natbib.sty
Package: natbib 2010/09/13 8.31b (PWD, AO)
\bibhang=\skip52
\bibsep=\skip53
LaTeX Info: Redefining \cite on input line 694.
\c@NAT@ctr=\count269
)
\splwrite=\write3
\openout3 = `manuscript.spl'.

\appnamewidth=\dimen147
)
(C:\Users\IIITNAGPUR\AppData\Local\Programs\MiKTeX\tex/latex/amsfonts\amssymb.s
ty
Package: amssymb 2013/01/14 v3.01 AMS font symbols

(C:\Users\IIITNAGPUR\AppData\Local\Programs\MiKTeX\tex/latex/amsfonts\amsfonts.
sty
Package: amsfonts 2013/01/14 v3.01 Basic AMSFonts support
\@emptytoks=\toks20
\symAMSa=\mathgroup4
\symAMSb=\mathgroup5
LaTeX Font Info:    Redeclaring math symbol \hbar on input line 98.
LaTeX Font Info:    Overwriting math alphabet `\mathfrak' in version `bold'
(Font)                  U/euf/m/n --> U/euf/b/n on input line 106.
))
(C:\Users\IIITNAGPUR\AppData\Local\Programs\MiKTeX\tex/latex/amsmath\amsmath.st
y
Package: amsmath 2023/05/13 v2.17o AMS math features
\@mathmargin=\skip54

For additional information on amsmath, use the `?' option.

(C:\Users\IIITNAGPUR\AppData\Local\Programs\MiKTeX\tex/latex/amsmath\amstext.st
y
Package: amstext 2021/08/26 v2.01 AMS text

(C:\Users\IIITNAGPUR\AppData\Local\Programs\MiKTeX\tex/latex/amsmath\amsgen.sty
File: amsgen.sty 1999/11/30 v2.0 generic functions
\@emptytoks=\toks21
\ex@=\dimen148
))
(C:\Users\IIITNAGPUR\AppData\Local\Programs\MiKTeX\tex/latex/amsmath\amsbsy.sty
Package: amsbsy 1999/11/29 v1.2d Bold Symbols
\pmbraise@=\dimen149
)
(C:\Users\IIITNAGPUR\AppData\Local\Programs\MiKTeX\tex/latex/amsmath\amsopn.sty
Package: amsopn 2022/04/08 v2.04 operator names
)
\inf@bad=\count270
LaTeX Info: Redefining \frac on input line 234.
\uproot@=\count271
\leftroot@=\count272
LaTeX Info: Redefining \overline on input line 399.
LaTeX Info: Redefining \colon on input line 410.
\classnum@=\count273
\DOTSCASE@=\count274
LaTeX Info: Redefining \ldots on input line 496.
LaTeX Info: Redefining \dots on input line 499.
LaTeX Info: Redefining \cdots on input line 620.
\Mathstrutbox@=\box58
\strutbox@=\box59
LaTeX Info: Redefining \big on input line 722.
LaTeX Info: Redefining \Big on input line 723.
LaTeX Info: Redefining \bigg on input line 724.
LaTeX Info: Redefining \Bigg on input line 725.
\big@size=\dimen150
LaTeX Font Info:    Redeclaring font encoding OML on input line 743.
LaTeX Font Info:    Redeclaring font encoding OMS on input line 744.
\macc@depth=\count275
LaTeX Info: Redefining \bmod on input line 905.
LaTeX Info: Redefining \pmod on input line 910.
LaTeX Info: Redefining \smash on input line 940.
LaTeX Info: Redefining \relbar on input line 970.
LaTeX Info: Redefining \Relbar on input line 971.
\c@MaxMatrixCols=\count276
\dotsspace@=\muskip16
\c@parentequation=\count277
\dspbrk@lvl=\count278
\tag@help=\toks22
\row@=\count279
\column@=\count280
\maxfields@=\count281
\andhelp@=\toks23
\eqnshift@=\dimen151
\alignsep@=\dimen152
\tagshift@=\dimen153
\tagwidth@=\dimen154
\totwidth@=\dimen155
\lineht@=\dimen156
\@envbody=\toks24
\multlinegap=\skip55
\multlinetaggap=\skip56
\mathdisplay@stack=\toks25
LaTeX Info: Redefining \[ on input line 2953.
LaTeX Info: Redefining \] on input line 2954.
)
(C:\Users\IIITNAGPUR\AppData\Local\Programs\MiKTeX\tex/latex/lineno\lineno.sty
Package: lineno 2023/05/20 line numbers on paragraphs v5.3

(C:\Users\IIITNAGPUR\AppData\Local\Programs\MiKTeX\tex/latex/kvoptions\kvoption
s.sty
Package: kvoptions 2022-06-15 v3.15 Key value format for package options (HO)

(C:\Users\IIITNAGPUR\AppData\Local\Programs\MiKTeX\tex/generic/ltxcmds\ltxcmds.
sty
Package: ltxcmds 2023-12-04 v1.26 LaTeX kernel commands for general use (HO)
)
(C:\Users\IIITNAGPUR\AppData\Local\Programs\MiKTeX\tex/latex/kvsetkeys\kvsetkey
s.sty
Package: kvsetkeys 2022-10-05 v1.19 Key value parser (HO)
))
\linenopenalty=\count282
\output=\toks26
\linenoprevgraf=\count283
\linenumbersep=\dimen157
\linenumberwidth=\dimen158
\c@linenumber=\count284
\c@pagewiselinenumber=\count285
\c@LN@truepage=\count286
\c@internallinenumber=\count287
\c@internallinenumbers=\count288
\quotelinenumbersep=\dimen159
\bframerule=\dimen160
\bframesep=\dimen161
\bframebox=\box60
\linenoamsmath@ams@eqpen=\count289
LaTeX Info: Redefining \\ on input line 3180.
) (manuscript.aux)
\openout1 = `manuscript.aux'.

LaTeX Font Info:    Checking defaults for OML/cmm/m/it on input line 54.
LaTeX Font Info:    ... okay on input line 54.
LaTeX Font Info:    Checking defaults for OMS/cmsy/m/n on input line 54.
LaTeX Font Info:    ... okay on input line 54.
LaTeX Font Info:    Checking defaults for OT1/cmr/m/n on input line 54.
LaTeX Font Info:    ... okay on input line 54.
LaTeX Font Info:    Checking defaults for T1/cmr/m/n on input line 54.
LaTeX Font Info:    ... okay on input line 54.
LaTeX Font Info:    Checking defaults for TS1/cmr/m/n on input line 54.
LaTeX Font Info:    ... okay on input line 54.
LaTeX Font Info:    Checking defaults for OMX/cmex/m/n on input line 54.
LaTeX Font Info:    ... okay on input line 54.
LaTeX Font Info:    Checking defaults for U/cmr/m/n on input line 54.
LaTeX Font Info:    ... okay on input line 54.

(C:\Users\IIITNAGPUR\AppData\Local\Programs\MiKTeX\tex/context/base/mkii\supp-p
df.mkii
[Loading MPS to PDF converter (version 2006.09.02).]
\scratchcounter=\count290
\scratchdimen=\dimen162
\scratchbox=\box61
\nofMPsegments=\count291
\nofMParguments=\count292
\everyMPshowfont=\toks27
\MPscratchCnt=\count293
\MPscratchDim=\dimen163
\MPnumerator=\count294
\makeMPintoPDFobject=\count295
\everyMPtoPDFconversion=\toks28
)
(C:\Users\IIITNAGPUR\AppData\Local\Programs\MiKTeX\tex/latex/epstopdf-pkg\epsto
pdf-base.sty
Package: epstopdf-base 2020-01-24 v2.11 Base part for package epstopdf
Package epstopdf-base Info: Redefining graphics rule for `.eps' on input line 4
85.

(C:\Users\IIITNAGPUR\AppData\Local\Programs\MiKTeX\tex/latex/00miktex\epstopdf-
sys.cfg
File: epstopdf-sys.cfg 2021/03/18 v2.0 Configuration of epstopdf for MiKTeX
)) [1

{C:/Users/IIITNAGPUR/AppData/Local/MiKTeX/fonts/map/pdftex/pdftex.map}] [2

]
LaTeX Font Info:    Trying to load font information for U+msa on input line 144
.

(C:\Users\IIITNAGPUR\AppData\Local\Programs\MiKTeX\tex/latex/amsfonts\umsa.fd
File: umsa.fd 2013/01/14 v3.01 AMS symbols A
)
LaTeX Font Info:    Trying to load font information for U+msb on input line 144
.

(C:\Users\IIITNAGPUR\AppData\Local\Programs\MiKTeX\tex/latex/amsfonts\umsb.fd
File: umsb.fd 2013/01/14 v3.01 AMS symbols B
)
LaTeX Font Info:    Trying to load font information for T1+cmtt on input line 1
44.

(C:\Users\IIITNAGPUR\AppData\Local\Programs\MiKTeX\tex/latex/base\t1cmtt.fd
File: t1cmtt.fd 2023/04/13 v2.5m Standard LaTeX font definitions
)
[1


] [2] [3] [4]

Package natbib Warning: Citation `rumelhart1986learning' on page 5 undefined on
 input line 175.


LaTeX Warning: Reference `figrnn1' on page 5 undefined on input line 175.


LaTeX Warning: Reference `e1' on page 5 undefined on input line 175.


LaTeX Warning: Reference `e2' on page 5 undefined on input line 175.

[5]
<RNN.jpg, id=37, 2190.1825pt x 718.685pt>
File: RNN.jpg Graphic file (type jpg)
<use RNN.jpg>
Package pdftex.def Info: RNN.jpg  used on input line 186.
(pdftex.def)             Requested size: 426.76639pt x 199.16878pt.

Overfull \hbox (36.76639pt too wide) in paragraph at lines 186--187
 [][] 
 []


LaTeX Warning: Reference `figrnn1' on page 6 undefined on input line 193.


Package natbib Warning: Citation `bengio1994learning' on page 6 undefined on in
put line 195.


Package natbib Warning: Citation `hochreiter1997long' on page 6 undefined on in
put line 195.

[6 <./RNN.jpg>]

LaTeX Warning: Reference `lstm1' on page 7 undefined on input line 196.


LaTeX Warning: Reference `lstm1' on page 7 undefined on input line 196.

<LSTM.jpg, id=45, 1432.35126pt x 1098.1025pt>
File: LSTM.jpg Graphic file (type jpg)
<use LSTM.jpg>
Package pdftex.def Info: LSTM.jpg  used on input line 225.
(pdftex.def)             Requested size: 284.52pt x 227.60905pt.

Package natbib Warning: Citation `cho2014learning' on page 7 undefined on input
 line 233.


LaTeX Warning: Reference `gru' on page 7 undefined on input line 233.

[7] [8 <./LSTM.jpg>]
<GRU.jpg, id=52, 1700.3525pt x 925.4575pt>
File: GRU.jpg Graphic file (type jpg)
<use GRU.jpg>
Package pdftex.def Info: GRU.jpg  used on input line 253.
(pdftex.def)             Requested size: 312.97763pt x 199.16718pt.


LaTeX Warning: Reference `transformer' on page 9 undefined on input line 260.

<transformer.png, id=53, 351.714pt x 498.663pt>
File: transformer.png Graphic file (type png)
<use transformer.png>
Package pdftex.def Info: transformer.png  used on input line 264.
(pdftex.def)             Requested size: 284.54332pt x 341.42992pt.

Package natbib Warning: Citation `vaswani2017attention' on page 9 undefined on 
input line 265.


Package natbib Warning: Citation `bahdanau2014neural' on page 9 undefined on in
put line 271.


Package natbib Warning: Citation `vaswani2017attention' on page 9 undefined on 
input line 274.


Package natbib Warning: Citation `sutskever2014sequence' on page 9 undefined on
 input line 274.

[9 <./GRU.jpg>] [10 <./transformer.png>] [11]
Underfull \hbox (badness 10000) in paragraph at lines 284--289

 []


Underfull \hbox (badness 10000) in paragraph at lines 284--289

 []


Overfull \hbox (8.50621pt too wide) in paragraph at lines 290--292
\T1/cmr/m/n/12 mul-ti-ple sub-layers within each Trans-former layer. Ini-tially
, self-attention
 []


Overfull \hbox (4.44258pt too wide) in paragraph at lines 290--292
\T1/cmr/m/n/12 mod-ule's out-put un-der-goes pro-cess-ing through feed-for-ward
 lay-ers, where
 []


Underfull \hbox (badness 10000) in paragraph at lines 294--296

 []

[12] [13]

LaTeX Warning: Reference `figpp' on page 14 undefined on input line 321.


LaTeX Warning: Reference `figpp' on page 14 undefined on input line 322.


Overfull \hbox (109.44052pt too wide) in paragraph at lines 322--323
\T1/cmr/m/n/12 ing prob-lem. In-put fea-ture is thirty days close price $\OT1/c
mr/m/n/12 [\OML/cmm/m/it/12 d[]; d[]; :::::::::; d[]; d[]; d[]; d[]; d[]; d[]\O
T1/cmr/m/n/12 ]$
 []


LaTeX Warning: Reference `fighm' on page 14 undefined on input line 324.


LaTeX Warning: Reference `fighm' on page 14 undefined on input line 326.

[14]
<heatmap.jpeg, id=79, 618.05907pt x 513.41812pt>
File: heatmap.jpeg Graphic file (type jpg)
<use heatmap.jpeg>
Package pdftex.def Info: heatmap.jpeg  used on input line 332.
(pdftex.def)             Requested size: 341.44246pt x 284.52737pt.
<Transformer.jpg, id=80, 1094.0875pt x 1437.37pt>
File: Transformer.jpg Graphic file (type jpg)
<use Transformer.jpg>
Package pdftex.def Info: Transformer.jpg  used on input line 341.
(pdftex.def)             Requested size: 312.9701pt x 426.78397pt.


LaTeX Warning: Reference `tab1' on page 15 undefined on input line 350.


Overfull \hbox (47.10289pt too wide) in paragraph at lines 350--351
\T1/cmr/m/n/12 model is avail-able in our GitHub repos-i-tory at \T1/cmr/m/it/1
2 https://github.com/Nachiket1234/LME-
 []

[15 <./heatmap.jpeg>] [16 <./Transformer.jpg>]
! Undefined control sequence.
<recently read> \tbl 
                     
l.354 	\tbl
           {Experimental Data of non-ferrous Metal Prices from LME.}
The control sequence at the end of the top line
of your error message was never \def'ed. If you have
misspelled it (e.g., `\hobx'), type `I' and the correct
spelling (e.g., `I\hbox'). Otherwise just continue,
and I'll forget about whatever was undefined.


Underfull \hbox (badness 10000) in paragraph at lines 356--356
[]\T1/cmr/bx/n/12 Stock
 []


Overfull \hbox (2.08838pt too wide) in paragraph at lines 356--356
[]\T1/cmr/bx/n/12 Time| 
 []


Overfull \hbox (6.89902pt too wide) in paragraph at lines 356--356
[]\T1/cmr/bx/n/12 Training
 []


Overfull \hbox (3.52419pt too wide) in paragraph at lines 356--356
[]\T1/cmr/bx/n/12 Validation
 []


Underfull \hbox (badness 10000) in paragraph at lines 356--356
[]\T1/cmr/bx/n/12 Testing
 []

! Undefined control sequence.
<recently read> \multirow 
                          
l.357 			\multirow
                  {2}{*}{Aluminium}&Start & 2008-01-02  &2008-01-02  &2019-0...
The control sequence at the end of the top line
of your error message was never \def'ed. If you have
misspelled it (e.g., `\hobx'), type `I' and the correct
spelling (e.g., `I\hbox'). Otherwise just continue,
and I'll forget about whatever was undefined.


Overfull \hbox (12.59415pt too wide) in paragraph at lines 357--357
[]\T1/cmr/m/n/12 2*Aluminium| 
 []


Underfull \hbox (badness 10000) in paragraph at lines 357--357
[]\T1/cmr/m/n/12 2008-
 []


Underfull \hbox (badness 10000) in paragraph at lines 358--358
[]\T1/cmr/m/n/12 2019-
 []

! Undefined control sequence.
<recently read> \multirow 
                          
l.359 			\multirow
                  {2}{*}{Copper}&Start & 2008-01-02  &2008-01-02  &2019-07-1...
The control sequence at the end of the top line
of your error message was never \def'ed. If you have
misspelled it (e.g., `\hobx'), type `I' and the correct
spelling (e.g., `I\hbox'). Otherwise just continue,
and I'll forget about whatever was undefined.


Underfull \hbox (badness 10000) in paragraph at lines 359--359
[]\T1/cmr/m/n/12 2008-
 []


Underfull \hbox (badness 10000) in paragraph at lines 360--360
[]\T1/cmr/m/n/12 2019-
 []

! Undefined control sequence.
<recently read> \multirow 
                          
l.361 			\multirow
                  {2}{*}{Zinc}&Start & 2008-01-02  &2008-01-02  &2019-07-18&...
The control sequence at the end of the top line
of your error message was never \def'ed. If you have
misspelled it (e.g., `\hobx'), type `I' and the correct
spelling (e.g., `I\hbox'). Otherwise just continue,
and I'll forget about whatever was undefined.


Underfull \hbox (badness 10000) in paragraph at lines 361--361
[]\T1/cmr/m/n/12 2008-
 []


Underfull \hbox (badness 10000) in paragraph at lines 362--362
[]\T1/cmr/m/n/12 2019-
 []

! Undefined control sequence.
<recently read> \multirow 
                          
l.363 			\multirow
                  {2}{*}{Nickel}&Start & 2008-01-02  &2008-01-02  &2019-07-1...
The control sequence at the end of the top line
of your error message was never \def'ed. If you have
misspelled it (e.g., `\hobx'), type `I' and the correct
spelling (e.g., `I\hbox'). Otherwise just continue,
and I'll forget about whatever was undefined.


Underfull \hbox (badness 10000) in paragraph at lines 363--363
[]\T1/cmr/m/n/12 2008-
 []


Underfull \hbox (badness 10000) in paragraph at lines 364--364
[]\T1/cmr/m/n/12 2019-
 []


Underfull \hbox (badness 10000) in paragraph at lines 354--367
[]\T1/cmr/m/n/12 Experimental Data of non-ferrous Metal Prices from LME.
 []


Underfull \hbox (badness 10000) in paragraph at lines 354--367
[]
 []


LaTeX Warning: Reference `fig:A' on page 17 undefined on input line 369.


LaTeX Warning: Reference `fig:Co' on page 17 undefined on input line 369.


LaTeX Warning: Reference `fig:N' on page 17 undefined on input line 369.


LaTeX Warning: Reference `fig:Z' on page 17 undefined on input line 369.

[17]
<A.png, id=91, 859.41075pt x 344.487pt>
File: A.png Graphic file (type png)
<use A.png>
Package pdftex.def Info: A.png  used on input line 374.
(pdftex.def)             Requested size: 369.88037pt x 199.16656pt.
<Co.png, id=92, 859.41075pt x 344.487pt>
File: Co.png Graphic file (type png)
<use Co.png>
Package pdftex.def Info: Co.png  used on input line 383.
(pdftex.def)             Requested size: 369.88037pt x 199.16656pt.
<N.png, id=93, 859.41075pt x 344.487pt>
File: N.png Graphic file (type png)
<use N.png>
Package pdftex.def Info: N.png  used on input line 392.
(pdftex.def)             Requested size: 369.88037pt x 199.16656pt.
<Z.png, id=94, 859.41075pt x 344.487pt>
File: Z.png Graphic file (type png)
<use Z.png>
Package pdftex.def Info: Z.png  used on input line 401.
(pdftex.def)             Requested size: 369.88037pt x 199.16656pt.
 [18 <./A.png>] [19 <./Co.png> <./N.png>] [20 <./Z.png>]

LaTeX Warning: Reference `tab2' on page 21 undefined on input line 445.


LaTeX Warning: Reference `tab3' on page 21 undefined on input line 445.


LaTeX Warning: Reference `tab4' on page 21 undefined on input line 445.


LaTeX Warning: Reference `tab2' on page 21 undefined on input line 446.


LaTeX Warning: Reference `fig11' on page 21 undefined on input line 446.


LaTeX Warning: Reference `tab2' on page 21 undefined on input line 446.


LaTeX Warning: Reference `fig11' on page 21 undefined on input line 446.


LaTeX Warning: Reference `tab3' on page 21 undefined on input line 446.


LaTeX Warning: Reference `fig12' on page 21 undefined on input line 446.


LaTeX Warning: Reference `tab4' on page 21 undefined on input line 446.


LaTeX Warning: Reference `fig13' on page 21 undefined on input line 446.

! Undefined control sequence.
<recently read> \tbl 
                     
l.449 	\tbl
           {Comparison of the performance of the five models, including the ...
The control sequence at the end of the top line
of your error message was never \def'ed. If you have
misspelled it (e.g., `\hobx'), type `I' and the correct
spelling (e.g., `I\hbox'). Otherwise just continue,
and I'll forget about whatever was undefined.


Overfull \hbox (5.39873pt too wide) in paragraph at lines 451--451
[]\T1/cmr/bx/n/12 Aluminum| 
 []


Underfull \hbox (badness 10000) in paragraph at lines 453--453
[]\T1/cmr/m/n/12 LSTM Mul-ti-
 []


Underfull \hbox (badness 10000) in paragraph at lines 449--459
[]\T1/cmr/m/n/12 Comparison of the per-for-mance of the five mod-els, in-
 []


Underfull \hbox (badness 10000) in paragraph at lines 449--459
\T1/cmr/m/n/12 clud-ing the pro-posed Transformer-based model, across
 []


Underfull \hbox (badness 10000) in paragraph at lines 449--459
\T1/cmr/m/n/12 all four datasets in terms of Mean Squared Er-ror.
 []

! Undefined control sequence.
<recently read> \tbl 
                     
l.463 	\tbl
           {Comparison of the performance of the five models, including the ...
The control sequence at the end of the top line
of your error message was never \def'ed. If you have
misspelled it (e.g., `\hobx'), type `I' and the correct
spelling (e.g., `I\hbox'). Otherwise just continue,
and I'll forget about whatever was undefined.


Overfull \hbox (5.39873pt too wide) in paragraph at lines 465--465
[]\T1/cmr/bx/n/12 Aluminum| 
 []


Underfull \hbox (badness 10000) in paragraph at lines 467--467
[]\T1/cmr/m/n/12 LSTM Mul-ti-
 []


Underfull \hbox (badness 10000) in paragraph at lines 463--473
[]\T1/cmr/m/n/12 Comparison of the per-for-mance of the five mod-els, in-
 []


Underfull \hbox (badness 10000) in paragraph at lines 463--473
\T1/cmr/m/n/12 clud-ing the pro-posed Transformer-based model, across all
 []


Underfull \hbox (badness 10000) in paragraph at lines 463--473
\T1/cmr/m/n/12 four datasets, eval-u-ated in terms of Mean Ab-so-lute Er-ror.
 []

! Undefined control sequence.
<recently read> \tbl 
                     
l.478 	\tbl
           {Comparison of the performance of the five models, including the ...
The control sequence at the end of the top line
of your error message was never \def'ed. If you have
misspelled it (e.g., `\hobx'), type `I' and the correct
spelling (e.g., `I\hbox'). Otherwise just continue,
and I'll forget about whatever was undefined.


Overfull \hbox (5.39873pt too wide) in paragraph at lines 480--480
[]\T1/cmr/bx/n/12 Aluminum| 
 []


Underfull \hbox (badness 10000) in paragraph at lines 482--482
[]\T1/cmr/m/n/12 LSTM Mul-ti-
 []


Underfull \hbox (badness 10000) in paragraph at lines 478--488
[]\T1/cmr/m/n/12 Comparison of the per-for-mance of the five mod-els, in-
 []


Underfull \hbox (badness 10000) in paragraph at lines 478--488
\T1/cmr/m/n/12 clud-ing the pro-posed Transformer-based model, across all
 []


Underfull \hbox (badness 10000) in paragraph at lines 478--488
\T1/cmr/m/n/12 four datasets in terms of Mean Ab-so-lute Per-cent-age Er-ror.
 []

<MSE.png, id=108, 452.28975pt x 272.217pt>
File: MSE.png Graphic file (type png)
<use MSE.png>
Package pdftex.def Info: MSE.png  used on input line 493.
(pdftex.def)             Requested size: 426.79495pt x 199.1778pt.

Overfull \hbox (36.79495pt too wide) in paragraph at lines 493--494
 [][] 
 []

<MAE.jpg, id=109, 452.28975pt x 272.217pt>
File: MAE.jpg Graphic file (type jpg)
<use MAE.jpg>
Package pdftex.def Info: MAE.jpg  used on input line 502.
(pdftex.def)             Requested size: 426.79495pt x 199.1778pt.

Overfull \hbox (36.79495pt too wide) in paragraph at lines 502--503
 [][] 
 []

<MAPE.png, id=110, 452.28975pt x 272.217pt>
File: MAPE.png Graphic file (type png)
<use MAPE.png>
Package pdftex.def Info: MAPE.png  used on input line 511.
(pdftex.def)             Requested size: 426.79495pt x 199.1778pt.

Overfull \hbox (36.79495pt too wide) in paragraph at lines 511--512
 [][] 
 []

[21] [22] [23 <./MSE.png> <./MAE.jpg>]

LaTeX Warning: Reference `tab37' on page 24 undefined on input line 521.


LaTeX Warning: Reference `tab38' on page 24 undefined on input line 521.


LaTeX Warning: Reference `tab38' on page 24 undefined on input line 521.


LaTeX Warning: Reference `tab40' on page 24 undefined on input line 521.


LaTeX Warning: Reference `tab39' on page 24 undefined on input line 521.

! Undefined control sequence.
<recently read> \tbl 
                     
l.526 	\tbl
           {MSE on four metals by Proposed Model, LSTM and GRU}
The control sequence at the end of the top line
of your error message was never \def'ed. If you have
misspelled it (e.g., `\hobx'), type `I' and the correct
spelling (e.g., `I\hbox'). Otherwise just continue,
and I'll forget about whatever was undefined.


Underfull \hbox (badness 10000) in paragraph at lines 528--528
[]\T1/cmr/bx/n/12 Proposed
 []


Underfull \hbox (badness 10000) in paragraph at lines 526--535
[]\T1/cmr/m/n/12 MSE on four met-als by Pro-posed Model, LSTM and GRU
 []

! Undefined control sequence.
<recently read> \tbl 
                     
l.541 	\tbl
           {Result of the T-test between different model's MSE.}
The control sequence at the end of the top line
of your error message was never \def'ed. If you have
misspelled it (e.g., `\hobx'), type `I' and the correct
spelling (e.g., `I\hbox'). Otherwise just continue,
and I'll forget about whatever was undefined.


Underfull \hbox (badness 10000) in paragraph at lines 543--543
[]\T1/cmr/bx/n/12 Proposed
 []


Underfull \hbox (badness 10000) in paragraph at lines 543--543
\T1/cmr/bx/n/12 Model and
 []


Underfull \hbox (badness 10000) in paragraph at lines 543--543
[]\T1/cmr/bx/n/12 LSTM and
 []


Underfull \hbox (badness 10000) in paragraph at lines 546--546
[]\T1/cmr/m/n/12 Significance
 []


Underfull \hbox (badness 10000) in paragraph at lines 541--550
[]\T1/cmr/m/n/12 Result of the T-test be-tween dif-fer-ent model's MSE.
 []

! Undefined control sequence.
<recently read> \tbl 
                     
l.554 	\tbl
           {MAE on four metals by Proposed Model, LSTM and GRU}
The control sequence at the end of the top line
of your error message was never \def'ed. If you have
misspelled it (e.g., `\hobx'), type `I' and the correct
spelling (e.g., `I\hbox'). Otherwise just continue,
and I'll forget about whatever was undefined.


Underfull \hbox (badness 10000) in paragraph at lines 556--556
[]\T1/cmr/bx/n/12 Proposed
 []


Underfull \hbox (badness 10000) in paragraph at lines 554--563
[]\T1/cmr/m/n/12 MAE on four met-als by Pro-posed Model, LSTM and GRU
 []

! Undefined control sequence.
<recently read> \tbl 
                     
l.567 	\tbl
           {Result of the T-test between different model's MAE.}
The control sequence at the end of the top line
of your error message was never \def'ed. If you have
misspelled it (e.g., `\hobx'), type `I' and the correct
spelling (e.g., `I\hbox'). Otherwise just continue,
and I'll forget about whatever was undefined.


Underfull \hbox (badness 10000) in paragraph at lines 569--569
[]\T1/cmr/bx/n/12 Proposed
 []


Underfull \hbox (badness 10000) in paragraph at lines 569--569
\T1/cmr/bx/n/12 Model and
 []


Underfull \hbox (badness 10000) in paragraph at lines 569--569
[]\T1/cmr/bx/n/12 LSTM and
 []


Underfull \hbox (badness 10000) in paragraph at lines 572--572
[]\T1/cmr/m/n/12 Significance
 []


Underfull \hbox (badness 10000) in paragraph at lines 567--576
[]\T1/cmr/m/n/12 Result of the T-test be-tween dif-fer-ent model's MAE.
 []

[24 <./MAPE.png>] [25] (manuscript.bbl [26] [27])

Package natbib Warning: There were undefined citations.

[28] (manuscript.aux)
 ***********
LaTeX2e <2023-11-01> patch level 1
L3 programming layer <2024-01-04>
 ***********


LaTeX Warning: There were undefined references.


LaTeX Warning: Label(s) may have changed. Rerun to get cross-references right.

 ) 
Here is how much of TeX's memory you used:
 4772 strings out of 474486
 71505 string characters out of 5741396
 1950542 words of memory out of 5000000
 27002 multiletter control sequences out of 15000+600000
 573265 words of font info for 75 fonts, out of 8000000 for 9000
 1141 hyphenation exceptions out of 8191
 72i,11n,79p,1693b,394s stack positions out of 10000i,1000n,20000p,200000b,200000s
 <C:\Users\IIITNAGPUR\AppData\Local\MiKTeX\fonts/pk/ljfour/jknappen/ec/dpi600
\ecbx1000.pk> <C:\Users\IIITNAGPUR\AppData\Local\MiKTeX\fonts/pk/ljfour/jknappe
n/ec/dpi600\ecti1200.pk> <C:\Users\IIITNAGPUR\AppData\Local\MiKTeX\fonts/pk/ljf
our/jknappen/ec/dpi600\ectt1000.pk> <C:\Users\IIITNAGPUR\AppData\Local\MiKTeX\f
onts/pk/ljfour/jknappen/ec/dpi600\ecrm1000.pk> <C:\Users\IIITNAGPUR\AppData\Loc
al\MiKTeX\fonts/pk/ljfour/jknappen/ec/dpi600\ecti1000.pk> <C:\Users\IIITNAGPUR\
AppData\Local\MiKTeX\fonts/pk/ljfour/jknappen/ec/dpi600\ecti0700.pk> <C:\Users\
IIITNAGPUR\AppData\Local\MiKTeX\fonts/pk/ljfour/jknappen/ec/dpi600\ecrm0800.pk>
 <C:\Users\IIITNAGPUR\AppData\Local\MiKTeX\fonts/pk/ljfour/jknappen/ec/dpi600\t
crm1200.pk> <C:\Users\IIITNAGPUR\AppData\Local\MiKTeX\fonts/pk/ljfour/jknappen/
ec/dpi600\ecrm1200.pk> <C:\Users\IIITNAGPUR\AppData\Local\MiKTeX\fonts/pk/ljfou
r/jknappen/ec/dpi600\ecbx1200.pk> <C:\Users\IIITNAGPUR\AppData\Local\MiKTeX\fon
ts/pk/ljfour/jknappen/ec/dpi600\ecrm1728.pk><C:/Users/IIITNAGPUR/AppData/Local/
Programs/MiKTeX/fonts/type1/public/amsfonts/cm/cmex10.pfb><C:/Users/IIITNAGPUR/
AppData/Local/Programs/MiKTeX/fonts/type1/public/amsfonts/cm/cmmi12.pfb><C:/Use
rs/IIITNAGPUR/AppData/Local/Programs/MiKTeX/fonts/type1/public/amsfonts/cm/cmmi
6.pfb><C:/Users/IIITNAGPUR/AppData/Local/Programs/MiKTeX/fonts/type1/public/ams
fonts/cm/cmmi8.pfb><C:/Users/IIITNAGPUR/AppData/Local/Programs/MiKTeX/fonts/typ
e1/public/amsfonts/cm/cmr12.pfb><C:/Users/IIITNAGPUR/AppData/Local/Programs/MiK
TeX/fonts/type1/public/amsfonts/cm/cmr6.pfb><C:/Users/IIITNAGPUR/AppData/Local/
Programs/MiKTeX/fonts/type1/public/amsfonts/cm/cmr8.pfb><C:/Users/IIITNAGPUR/Ap
pData/Local/Programs/MiKTeX/fonts/type1/public/amsfonts/cm/cmsy10.pfb><C:/Users
/IIITNAGPUR/AppData/Local/Programs/MiKTeX/fonts/type1/public/amsfonts/cm/cmsy7.
pfb><C:/Users/IIITNAGPUR/AppData/Local/Programs/MiKTeX/fonts/type1/public/amsfo
nts/cm/cmsy8.pfb>
Output written on manuscript.pdf (30 pages, 1298853 bytes).
PDF statistics:
 568 PDF objects out of 1000 (max. 8388607)
 0 named destinations out of 1000 (max. 500000)
 66 words of extra memory for PDF output out of 10000 (max. 10000000)

